\BOOKMARK [0][-]{dummy.1}{\376\377\000A\000b\000s\000t\000r\000a\000c\000t}{}% 1
\BOOKMARK [0][-]{dummy.2}{\376\377\000A\000c\000k\000n\000o\000w\000l\000e\000d\000g\000e\000m\000e\000n\000t\000s}{}% 2
\BOOKMARK [0][-]{dummy.3}{\376\377\000M\000a\000n\000a\000g\000e\000m\000e\000n\000t\000\040\000S\000u\000m\000m\000a\000r\000y}{}% 3
\BOOKMARK [0][-]{dummy.8}{\376\377\000D\000e\000c\000l\000a\000r\000a\000t\000i\000o\000n\000\040\000o\000f\000\040\000A\000u\000t\000h\000o\000r\000s\000h\000i\000p}{}% 4
\BOOKMARK [0][-]{chapter.10}{\376\377\0001\000\040\000I\000n\000t\000r\000o\000d\000u\000c\000t\000i\000o\000n}{}% 5
\BOOKMARK [1][-]{section.11}{\376\377\0001\000.\0001\000\040\000R\000e\000q\000u\000i\000r\000e\000m\000e\000n\000t\000s}{chapter.10}% 6
\BOOKMARK [1][-]{section.12}{\376\377\0001\000.\0002\000\040\000O\000p\000e\000n\000R\000e\000f\000i\000n\000e}{chapter.10}% 7
\BOOKMARK [1][-]{section.13}{\376\377\0001\000.\0003\000\040\000O\000p\000e\000n\000S\000t\000r\000e\000e\000t\000M\000a\000p\000\040\000\046\000\040\000T\000h\000e\000\040\000O\000v\000e\000r\000p\000a\000s\000s\000\040\000A\000P\000I}{chapter.10}% 8
\BOOKMARK [1][-]{section.14}{\376\377\0001\000.\0004\000\040\000.\000g\000e\000o\000j\000s\000o\000n}{chapter.10}% 9
\BOOKMARK [0][-]{chapter.15}{\376\377\0002\000\040\000O\000p\000e\000n\000R\000e\000f\000i\000n\000e}{}% 10
\BOOKMARK [1][-]{section.16}{\376\377\0002\000.\0001\000\040\000O\000v\000e\000r\000v\000i\000e\000w}{chapter.15}% 11
\BOOKMARK [1][-]{section.17}{\376\377\0002\000.\0002\000\040\000E\000x\000t\000e\000n\000s\000i\000o\000n\000s}{chapter.15}% 12
\BOOKMARK [0][-]{chapter.18}{\376\377\0003\000\040\000O\000S\000M\000\040\000E\000x\000t\000r\000a\000c\000t\000o\000r\000\040\000E\000x\000t\000e\000n\000s\000i\000o\000n}{}% 13
\BOOKMARK [1][-]{section.19}{\376\377\0003\000.\0001\000\040\000O\000v\000e\000r\000v\000i\000e\000w}{chapter.18}% 14
\BOOKMARK [1][-]{section.20}{\376\377\0003\000.\0002\000\040\000O\000p\000e\000n\000S\000t\000r\000e\000e\000t\000M\000a\000p\000\040\000a\000n\000d\000\040\000t\000h\000e\000\040\000O\000v\000e\000r\000p\000a\000s\000s\000\040\000A\000P\000I}{chapter.18}% 15
\BOOKMARK [1][-]{section.24}{\376\377\0003\000.\0003\000\040\000I\000n\000t\000e\000g\000r\000a\000t\000i\000n\000g\000\040\000O\000p\000e\000n\000S\000t\000r\000e\000e\000t\000M\000a\000p\000\040\000d\000a\000t\000a\000\040\000i\000n\000t\000o\000\040\000O\000p\000e\000n\000R\000e\000f\000i\000n\000e}{chapter.18}% 16
\BOOKMARK [1][-]{section.25}{\376\377\0003\000.\0004\000\040\000D\000e\000s\000i\000g\000n\000\040\000D\000e\000c\000i\000s\000i\000o\000n\000s}{chapter.18}% 17
\BOOKMARK [1][-]{section.26}{\376\377\0003\000.\0005\000\040\000E\000x\000t\000e\000n\000s\000i\000o\000n\000\040\000U\000s\000a\000g\000e}{chapter.18}% 18
\BOOKMARK [0][-]{chapter.29}{\376\377\0004\000\040\000G\000e\000o\000J\000S\000O\000N\000\040\000E\000x\000p\000o\000r\000t\000\040\000E\000x\000t\000e\000n\000s\000i\000o\000n}{}% 19
\BOOKMARK [1][-]{section.30}{\376\377\0004\000.\0001\000\040\000O\000v\000e\000r\000v\000i\000e\000w}{chapter.29}% 20
\BOOKMARK [1][-]{section.31}{\376\377\0004\000.\0002\000\040\000G\000e\000o\000s\000p\000a\000t\000i\000a\000l\000\040\000d\000a\000t\000a}{chapter.29}% 21
\BOOKMARK [1][-]{section.32}{\376\377\0004\000.\0003\000\040\000T\000h\000e\000\040\000.\000g\000e\000o\000j\000s\000o\000n\000\040\000f\000o\000r\000m\000a\000t}{chapter.29}% 22
\BOOKMARK [1][-]{section.33}{\376\377\0004\000.\0004\000\040\000D\000e\000s\000i\000g\000n\000\040\000D\000e\000c\000i\000s\000i\000o\000n\000s}{chapter.29}% 23
\BOOKMARK [1][-]{section.34}{\376\377\0004\000.\0005\000\040\000E\000x\000t\000e\000n\000s\000i\000o\000n\000\040\000U\000s\000a\000g\000e}{chapter.29}% 24
\BOOKMARK [0][-]{chapter.37}{\376\377\0005\000\040\000C\000o\000n\000c\000l\000u\000s\000i\000o\000n}{}% 25
\BOOKMARK [1][-]{section.38}{\376\377\0005\000.\0001\000\040\000D\000i\000s\000c\000u\000s\000s\000i\000o\000n\000\040\000o\000f\000\040\000t\000h\000e\000\040\000R\000e\000s\000u\000l\000t\000s}{chapter.37}% 26
\BOOKMARK [1][-]{section.39}{\376\377\0005\000.\0002\000\040\000A\000c\000h\000i\000e\000v\000e\000m\000e\000n\000t\000s\000\040\000a\000n\000d\000\040\000R\000e\000f\000l\000e\000c\000t\000i\000o\000n}{chapter.37}% 27
\BOOKMARK [1][-]{section.40}{\376\377\0005\000.\0003\000\040\000C\000o\000n\000c\000l\000u\000s\000i\000o\000n}{chapter.37}% 28
\BOOKMARK [0][-]{dummy.41}{\376\377\000L\000i\000s\000t\000\040\000o\000f\000\040\000F\000i\000g\000u\000r\000e\000s}{}% 29
\BOOKMARK [0][-]{appendix.43}{\376\377\000A\000\040\000I\000n\000s\000t\000a\000l\000l\000a\000t\000i\000o\000n}{}% 30
\BOOKMARK [1][-]{section.44}{\376\377\000A\000.\0001\000\040\000V\000e\000r\000s\000i\000o\000n\000s}{appendix.43}% 31
\BOOKMARK [1][-]{section.45}{\376\377\000A\000.\0002\000\040\000I\000n\000s\000t\000a\000l\000l\000i\000n\000g\000\040\000\046\000\040\000C\000o\000n\000f\000i\000g\000u\000r\000i\000n\000g\000\040\000t\000h\000e\000\040\000E\000x\000t\000e\000n\000s\000i\000o\000n\000s}{appendix.43}% 32
\BOOKMARK [0][-]{appendix.46}{\376\377\000B\000\040\000E\000x\000t\000e\000n\000s\000i\000o\000n\000\040\000U\000s\000a\000g\000e}{}% 33
\BOOKMARK [0][-]{appendix.47}{\376\377\000C\000\040\000T\000e\000s\000t\000\040\000D\000a\000t\000a}{}% 34
\BOOKMARK [0][-]{dummy.48}{\376\377\000B\000i\000b\000l\000i\000o\000g\000r\000a\000p\000h\000y}{}% 35
